This is pdfTeX, Version 3.14159265-2.6-1.40.16 (MiKTeX 2.9) (preloaded format=pdflatex 2016.4.4)  5 APR 2016 09:18
entering extended mode
**D:/tla/CourseFiles/DieHard.toolbox/DieHard.tex
(D:/tla/CourseFiles/DieHard.toolbox/DieHard.tex
LaTeX2e <2016/02/01>
Babel <3.9q> and hyphenation patterns for 70 language(s) loaded.

("C:\Program Files (x86)\MiKTeX 2.9\tex\latex\base\article.cls"
Document Class: article 2014/09/29 v1.4h Standard LaTeX document class
("C:\Program Files (x86)\MiKTeX 2.9\tex\latex\base\size10.clo"
File: size10.clo 2014/09/29 v1.4h Standard LaTeX file (size option)
)
\c@part=\count79
\c@section=\count80
\c@subsection=\count81
\c@subsubsection=\count82
\c@paragraph=\count83
\c@subparagraph=\count84
\c@figure=\count85
\c@table=\count86
\abovecaptionskip=\skip41
\belowcaptionskip=\skip42
\bibindent=\dimen102
) ("C:\Program Files (x86)\MiKTeX 2.9\tex\latex\graphics\color.sty"
Package: color 2016/01/03 v1.1b Standard LaTeX Color (DPC)
("C:\Program Files (x86)\MiKTeX 2.9\tex\latex\00miktex\color.cfg"
File: color.cfg 2007/01/18 v1.5 color configuration of teTeX/TeXLive
)
Package color Info: Driver file: pdftex.def on input line 143.
("C:\Program Files (x86)\MiKTeX 2.9\tex\latex\pdftex-def\pdftex.def"
File: pdftex.def 2011/05/27 v0.06d Graphics/color for pdfTeX
("C:\Program Files (x86)\MiKTeX 2.9\tex\generic\oberdiek\infwarerr.sty"
Package: infwarerr 2010/04/08 v1.3 Providing info/warning/error messages (HO)
) ("C:\Program Files (x86)\MiKTeX 2.9\tex\generic\oberdiek\ltxcmds.sty"
Package: ltxcmds 2011/11/09 v1.22 LaTeX kernel commands for general use (HO)
)
\Gread@gobject=\count87
)) ("C:\Program Files (x86)\MiKTeX 2.9\tex\latex\base\latexsym.sty"
Package: latexsym 1998/08/17 v2.2e Standard LaTeX package (lasy symbols)
\symlasy=\mathgroup4
LaTeX Font Info:    Overwriting symbol font `lasy' in version `bold'
(Font)                  U/lasy/m/n --> U/lasy/b/n on input line 52.
) ("C:\Program Files (x86)\MiKTeX 2.9\tex\latex\base\ifthen.sty"
Package: ifthen 2014/09/29 v1.1c Standard LaTeX ifthen package (DPC)
)
\symlength=\skip43
\equalswidth=\skip44
\charwidth=\skip45
\boxrulewd=\skip46
\boxlineht=\skip47
\boxruleht=\skip48
\boxruledp=\skip49
\pcalvspace=\skip50
\lcomindent=\skip51
\@xlen=\skip52
\templena=\skip53
\templenb=\skip54
\tempboxa=\box26
\vshadelen=\skip55
\boxwidth=\skip56
\multicommentdepth=\skip57
\c@pardepth=\count88
\tempsbox=\box27
\@cparht=\skip58
\@cpardp=\skip59
\xmcomlen=\skip60
\spacewidth=\skip61
\alignboxwidth=\skip62
\alignwidth=\skip63
\alignbox=\box28
\symtlaitalics=\mathgroup5
\c@tlx@ctr=\count89
("C:\Program Files (x86)\MiKTeX 2.9\tex\latex\tools\verbatim.sty"
Package: verbatim 2014/10/28 v1.5q LaTeX2e package for verbatim enhancements
\every@verbatim=\toks14
\verbatim@line=\toks15
\verbatim@in@stream=\read1
) (DieHard.aux)
\openout1 = `DieHard.aux'.

LaTeX Font Info:    Checking defaults for OML/cmm/m/it on input line 939.
LaTeX Font Info:    ... okay on input line 939.
LaTeX Font Info:    Checking defaults for T1/cmr/m/n on input line 939.
LaTeX Font Info:    ... okay on input line 939.
LaTeX Font Info:    Checking defaults for OT1/cmr/m/n on input line 939.
LaTeX Font Info:    ... okay on input line 939.
LaTeX Font Info:    Checking defaults for OMS/cmsy/m/n on input line 939.
LaTeX Font Info:    ... okay on input line 939.
LaTeX Font Info:    Checking defaults for OMX/cmex/m/n on input line 939.
LaTeX Font Info:    ... okay on input line 939.
LaTeX Font Info:    Checking defaults for U/cmr/m/n on input line 939.
LaTeX Font Info:    ... okay on input line 939.
("C:\Program Files (x86)\MiKTeX 2.9\tex\context\base\supp-pdf.mkii"
[Loading MPS to PDF converter (version 2006.09.02).]
\scratchcounter=\count90
\scratchdimen=\dimen103
\scratchbox=\box29
\nofMPsegments=\count91
\nofMParguments=\count92
\everyMPshowfont=\toks16
\MPscratchCnt=\count93
\MPscratchDim=\dimen104
\MPnumerator=\count94
\makeMPintoPDFobject=\count95
\everyMPtoPDFconversion=\toks17
)
LaTeX Font Info:    External font `cmex10' loaded for size
(Font)              <7> on input line 942.
LaTeX Font Info:    External font `cmex10' loaded for size
(Font)              <5> on input line 942.
LaTeX Font Info:    Try loading font information for U+lasy on input line 942.
("C:\Program Files (x86)\MiKTeX 2.9\tex\latex\base\ulasy.fd"
File: ulasy.fd 1998/08/17 v2.2e LaTeX symbol font definitions
)
\%{2}{0}{0.0pt}
\%{3}{0}{0.0pt}
\%{4}{0}{0.0pt}
\%{5}{0}{0.0pt}
\%{6}{0}{0.0pt}
\%{7}{0}{0.0pt}
\%{8}{0}{0.0pt}
\%{11}{0}{0.0pt}
\%{12}{0}{0.0pt}
\%{13}{0}{0.0pt}
\%{17}{0}{0.0pt}
\%{18}{0}{0.0pt}
\%{19}{1}{51.422pt}
\%{19}{3}{70.68433pt}
\%{20}{1}{24.03322pt}
\%{23}{0}{0.0pt}
\%{24}{0}{0.0pt}
\%{25}{0}{0.0pt}
\%{26}{0}{0.0pt}
\%{27}{0}{0.0pt}
\%{28}{0}{0.0pt}
\%{29}{0}{0.0pt}
\%{30}{0}{0.0pt}
\%{31}{0}{0.0pt}
\%{32}{0}{0.0pt}
\%{33}{2}{35.70381pt}
\%{33}{3}{46.81483pt}
\%{34}{1}{11.11102pt}
\%{37}{0}{0.0pt}
\%{38}{0}{0.0pt}
\%{39}{0}{0.0pt}
\%{40}{0}{0.0pt}
\%{41}{0}{0.0pt}
\%{42}{0}{0.0pt}
\%{43}{0}{0.0pt}
\%{44}{0}{0.0pt}
\%{45}{0}{0.0pt}
[1

{C:/Users/jonro/AppData/Local/MiKTeX/2.9/pdftex/config/pdftex.map}]
\%{46}{0}{0.0pt}
\%{47}{0}{0.0pt}
\%{48}{0}{0.0pt}
\%{49}{0}{0.0pt}
\%{50}{0}{0.0pt}
\%{51}{1}{40.78311pt}
\%{51}{2}{59.67175pt}
\%{51}{3}{70.78278pt}
\%{51}{5}{97.62155pt}
\%{51}{6}{110.95477pt}
\%{52}{1}{11.11102pt}
\%{52}{3}{27.06787pt}
\%{52}{4}{40.4011pt}
\%{54}{1}{30.80675pt}
\%{54}{2}{49.69539pt}
\%{54}{3}{60.80641pt}
\%{54}{5}{76.76326pt}
\%{55}{1}{11.11102pt}
\%{55}{3}{37.9498pt}
\%{57}{1}{53.81636pt}
\%{57}{2}{72.705pt}
\%{57}{3}{83.81602pt}
\%{57}{5}{110.6548pt}
\%{58}{1}{11.11102pt}
\%{58}{3}{27.06787pt}
\%{60}{1}{43.84pt}
\%{60}{2}{62.72864pt}
\%{60}{3}{73.83966pt}
\%{60}{5}{89.79651pt}
\%{61}{1}{11.11102pt}
\%{61}{3}{37.9498pt}
\%{64}{0}{0.0pt}
\%{65}{0}{0.0pt}
\%{66}{0}{0.0pt}
\%{67}{0}{0.0pt}
\%{68}{0}{0.0pt}
\%{69}{0}{0.0pt}
\%{70}{0}{0.0pt}
\%{71}{0}{0.0pt}
\%{72}{0}{0.0pt}
\%{73}{0}{0.0pt}
\%{77}{0}{0.0pt}
\%{78}{0}{0.0pt}
\%{79}{0}{0.0pt}
\%{80}{1}{51.6233pt}
\%{80}{2}{70.51195pt}
\%{80}{3}{90.9118pt}
\%{82}{1}{20.39986pt}
\%{82}{2}{31.51088pt}
\%{82}{4}{47.46773pt}
\%{82}{5}{60.80095pt}
\%{83}{1}{11.11102pt}
\%{83}{3}{37.9498pt}
\%{83}{4}{51.28302pt}
\%{85}{1}{51.77193pt}
\%{86}{1}{20.39986pt}
\%{87}{1}{20.39986pt}
\%{87}{2}{31.51088pt}
\%{87}{4}{47.46773pt}
\%{87}{5}{60.80095pt}
\%{88}{1}{11.11102pt}
\%{88}{3}{37.9498pt}
\%{88}{4}{51.28302pt}
[2]
\%{91}{0}{0.0pt}
\%{92}{0}{0.0pt}
\%{93}{0}{0.0pt}
\%{94}{0}{0.0pt}
\%{95}{2}{39.83156pt}
\%{95}{3}{50.94258pt}
\%{96}{1}{11.11102pt}
\%{97}{1}{11.11102pt}
\%{98}{1}{11.11102pt}
\%{99}{1}{11.11102pt}
\%{100}{1}{11.11102pt}
\%{103}{0}{0.0pt}
\%{104}{0}{0.0pt}
\%{105}{0}{0.0pt}
\%{106}{0}{0.0pt}
\%{107}{0}{0.0pt}
\%{108}{0}{0.0pt}
\%{109}{0}{0.0pt}
\%{110}{0}{0.0pt}
\%{111}{2}{56.14114pt}
\%{111}{3}{67.25217pt}
\%{111}{4}{91.28539pt}
\%{111}{5}{104.6186pt}
\%{112}{1}{11.11102pt}
\%{112}{2}{24.26231pt}
\%{112}{3}{37.59554pt}
\%{117}{0}{0.0pt}
\%{118}{0}{0.0pt}
\%{119}{0}{0.0pt}
\%{120}{0}{0.0pt}
\%{121}{0}{0.0pt}
\%{122}{0}{0.0pt}
\%{123}{0}{0.0pt}
\%{124}{0}{0.0pt}
\%{125}{0}{0.0pt}
[3] (DieHard.aux) ) 
Here is how much of TeX's memory you used:
 1268 strings out of 493622
 15627 string characters out of 3141215
 82568 words of memory out of 3000000
 4706 multiletter control sequences out of 15000+200000
 6068 words of font info for 24 fonts, out of 3000000 for 9000
 1025 hyphenation exceptions out of 8191
 23i,11n,19p,267b,137s stack positions out of 5000i,500n,10000p,200000b,50000s
<C:/Program Files (x86)/MiKTeX 2.9/fonts/type1/public/amsfon
ts/cm/cmcsc10.pfb><C:/Program Files (x86)/MiKTeX 2.9/fonts/type1/public/amsfont
s/cm/cmmi10.pfb><C:/Program Files (x86)/MiKTeX 2.9/fonts/type1/public/amsfonts/
cm/cmr10.pfb><C:/Program Files (x86)/MiKTeX 2.9/fonts/type1/public/amsfonts/cm/
cmr5.pfb><C:/Program Files (x86)/MiKTeX 2.9/fonts/type1/public/amsfonts/cm/cmr8
.pfb><C:/Program Files (x86)/MiKTeX 2.9/fonts/type1/public/amsfonts/cm/cmsy10.p
fb><C:/Program Files (x86)/MiKTeX 2.9/fonts/type1/public/amsfonts/cm/cmsy7.pfb>
<C:/Program Files (x86)/MiKTeX 2.9/fonts/type1/public/amsfonts/cm/cmti10.pfb>
Output written on DieHard.pdf (3 pages, 82609 bytes).
PDF statistics:
 44 PDF objects out of 1000 (max. 8388607)
 0 named destinations out of 1000 (max. 500000)
 1 words of extra memory for PDF output out of 10000 (max. 10000000)

