@!@!@STARTMSG 2189:0 @!@!@
Computing initial states...
@!@!@ENDMSG 2189 @!@!@
@!@!@STARTMSG 2190:0 @!@!@
Finished computing initial states: 1 distinct state generated.
@!@!@ENDMSG 2190 @!@!@
@!@!@STARTMSG 2110:1 @!@!@
Invariant inv_14606599390606000 is violated.
@!@!@ENDMSG 2110 @!@!@
@!@!@STARTMSG 2121:1 @!@!@
The behavior up to this point is:
@!@!@ENDMSG 2121 @!@!@
@!@!@STARTMSG 2217:4 @!@!@
1: <Initial predicate>
healthyMachinesPerEnvironment = ("Edge-Prod-Foo" :> 3 @@ "Edge-Prod-Bar" :> 3)

@!@!@ENDMSG 2217 @!@!@
@!@!@STARTMSG 2217:4 @!@!@
2: <Action line 62, col 51 to line 63, col 168 of module AnycastAvailability>
healthyMachinesPerEnvironment = ("Edge-Prod-Foo" :> 2 @@ "Edge-Prod-Bar" :> 3)

@!@!@ENDMSG 2217 @!@!@
@!@!@STARTMSG 2217:4 @!@!@
3: <Action line 62, col 51 to line 63, col 168 of module AnycastAvailability>
healthyMachinesPerEnvironment = ("Edge-Prod-Foo" :> 1 @@ "Edge-Prod-Bar" :> 3)

@!@!@ENDMSG 2217 @!@!@
@!@!@STARTMSG 2217:4 @!@!@
4: <Action line 62, col 51 to line 63, col 168 of module AnycastAvailability>
healthyMachinesPerEnvironment = ("Edge-Prod-Foo" :> 1 @@ "Edge-Prod-Bar" :> 2)

@!@!@ENDMSG 2217 @!@!@
@!@!@STARTMSG 2217:4 @!@!@
5: <Action line 62, col 51 to line 63, col 168 of module AnycastAvailability>
healthyMachinesPerEnvironment = ("Edge-Prod-Foo" :> 1 @@ "Edge-Prod-Bar" :> 1)

@!@!@ENDMSG 2217 @!@!@
@!@!@STARTMSG 2201:0 @!@!@
The coverage statistics at 2016-04-14 11:52:36
@!@!@ENDMSG 2201 @!@!@
@!@!@STARTMSG 2221:0 @!@!@
  line 63, col 54 to line 63, col 168 of module AnycastAvailability: 12
@!@!@ENDMSG 2221 @!@!@
@!@!@STARTMSG 2221:0 @!@!@
  line 66, col 53 to line 66, col 156 of module AnycastAvailability: 8
@!@!@ENDMSG 2221 @!@!@
@!@!@STARTMSG 2202:0 @!@!@
End of statistics.
@!@!@ENDMSG 2202 @!@!@
@!@!@STARTMSG 2200:0 @!@!@
Progress(5) at 2016-04-14 11:52:37: 21 states generated (133 s/min), 9 distinct states found (57 ds/min), 0 states left on queue.
@!@!@ENDMSG 2200 @!@!@
@!@!@STARTMSG 2199:0 @!@!@
21 states generated, 9 distinct states found, 0 states left on queue.
@!@!@ENDMSG 2199 @!@!@
@!@!@STARTMSG 2194:0 @!@!@
The depth of the complete state graph search is 5.
@!@!@ENDMSG 2194 @!@!@
@!@!@STARTMSG 2186:0 @!@!@
Finished in 12s at (2016-04-14 11:52:37)
@!@!@ENDMSG 2186 @!@!@
